<?xml version="1.0" encoding="UTF-8"?>
<coverage generated="1494094058777" clover="3.2.0">
  <project timestamp="1494094058777" name="All files">
    <metrics statements="12" coveredstatements="12" conditionals="8" coveredconditionals="8" methods="2" coveredmethods="2" elements="22" coveredelements="22" complexity="0" loc="12" ncloc="12" packages="2" files="3" classes="3">
      <package name="constants">
        <metrics statements="2" coveredstatements="2" conditionals="0" coveredconditionals="0" methods="0" coveredmethods="0"/>
        <file name="actionTypes.js" path="/Users/sokol/Desktop/Projects/calendar/src/constants/actionTypes.js">
          <metrics statements="2" coveredstatements="2" conditionals="0" coveredconditionals="0" methods="0" coveredmethods="0"/>
          <line num="1" count="2" type="stmt"/>
          <line num="6" count="2" type="stmt"/>
        </file>
      </package>
      <package name="reducers">
        <metrics statements="10" coveredstatements="10" conditionals="8" coveredconditionals="8" methods="2" coveredmethods="2"/>
        <file name="events.js" path="/Users/sokol/Desktop/Projects/calendar/src/reducers/events.js">
          <metrics statements="6" coveredstatements="6" conditionals="5" coveredconditionals="5" methods="1" coveredmethods="1"/>
          <line num="4" count="4" type="stmt"/>
          <line num="5" count="4" type="cond" truecount="4" falsecount="0"/>
          <line num="7" count="1" type="stmt"/>
          <line num="9" count="1" type="stmt"/>
          <line num="14" count="1" type="stmt"/>
          <line num="22" count="1" type="stmt"/>
        </file>
        <file name="user.js" path="/Users/sokol/Desktop/Projects/calendar/src/reducers/user.js">
          <metrics statements="4" coveredstatements="4" conditionals="3" coveredconditionals="3" methods="1" coveredmethods="1"/>
          <line num="4" count="2" type="stmt"/>
          <line num="5" count="2" type="cond" truecount="2" falsecount="0"/>
          <line num="7" count="1" type="stmt"/>
          <line num="13" count="1" type="stmt"/>
        </file>
      </package>
    </metrics>
  </project>
</coverage>
