TN:
SF:/Users/sokol/Desktop/Projects/calendar/src/constants/actionTypes.js
FNF:0
FNH:0
DA:1,2
DA:6,2
LF:2
LH:2
BRF:0
BRH:0
end_of_record
TN:
SF:/Users/sokol/Desktop/Projects/calendar/src/reducers/events.js
FN:3,(anonymous_0)
FNF:1
FNH:1
FNDA:4,(anonymous_0)
DA:4,4
DA:5,4
DA:7,1
DA:9,1
DA:14,1
DA:22,1
LF:6
LH:6
BRDA:3,0,0,1
BRDA:5,1,0,1
BRDA:5,1,1,1
BRDA:5,1,2,1
BRDA:5,1,3,1
BRF:5
BRH:5
end_of_record
TN:
SF:/Users/sokol/Desktop/Projects/calendar/src/reducers/user.js
FN:3,(anonymous_0)
FNF:1
FNH:1
FNDA:2,(anonymous_0)
DA:4,2
DA:5,2
DA:7,1
DA:13,1
LF:4
LH:4
BRDA:3,0,0,2
BRDA:5,1,0,1
BRDA:5,1,1,1
BRF:3
BRH:3
end_of_record
